<?xml version="1.0" encoding="UTF-8"?>
<testng-results ignored="0" total="1" passed="1" failed="0" skipped="0">
  <reporter-output>
  </reporter-output>
  <suite started-at="2025-12-15T11:27:31 IST" name="Default suite" finished-at="2025-12-15T11:28:02 IST" duration-ms="30615">
    <groups>
    </groups>
    <test started-at="2025-12-15T11:27:31 IST" name="Default test" finished-at="2025-12-15T11:28:02 IST" duration-ms="30615">
      <class name="testngprogramms.Assignment2">
        <test-method is-config="true" signature="launchbrowser()[pri:0, instance:testngprogramms.Assignment2@3bd82cf5]" started-at="2025-12-15T11:27:31 IST" name="launchbrowser" finished-at="2025-12-15T11:27:43 IST" duration-ms="11249" status="PASS">
          <reporter-output>
          </reporter-output>
        </test-method> <!-- launchbrowser -->
        <test-method signature="AddtoCart()[pri:0, instance:testngprogramms.Assignment2@3bd82cf5]" started-at="2025-12-15T11:27:43 IST" name="AddtoCart" finished-at="2025-12-15T11:28:02 IST" duration-ms="19333" status="PASS">
          <reporter-output>
          </reporter-output>
        </test-method> <!-- AddtoCart -->
      </class> <!-- testngprogramms.Assignment2 -->
    </test> <!-- Default test -->
  </suite> <!-- Default suite -->
</testng-results>
