<?xml version="1.0" encoding="UTF-8"?>
<!-- Generated by org.testng.reporters.JUnitReportReporter -->
<testsuite hostname="DESKTOP-S0K2S0N" failures="0" tests="3" name="testngprogramms.multiplelogindiffcredentials" time="6.974" errors="0" timestamp="2025-12-03T13:38:48 IST" skipped="0">
  <testcase classname="testngprogramms.multiplelogindiffcredentials" name="login" time="1.822"/>
  <testcase classname="testngprogramms.multiplelogindiffcredentials" name="login" time="1.576"/>
  <testcase classname="testngprogramms.multiplelogindiffcredentials" name="login" time="3.576"/>
</testsuite> <!-- testngprogramms.multiplelogindiffcredentials -->
