<?xml version="1.0" encoding="UTF-8"?>
<!-- Generated by org.testng.reporters.JUnitReportReporter -->
<testsuite hostname="DESKTOP-S0K2S0N" failures="0" tests="3" name="testngprogramms.dataproviderclass" time="15.528" errors="0" timestamp="2025-12-04T13:52:43 IST" skipped="0">
  <testcase classname="testngprogramms.dataproviderclass" name="test1" time="3.958"/>
  <testcase classname="testngprogramms.dataproviderclass" name="test1" time="6.589"/>
  <testcase classname="testngprogramms.dataproviderclass" name="test1" time="4.981"/>
</testsuite> <!-- testngprogramms.dataproviderclass -->
