<?xml version="1.0" encoding="UTF-8"?>
<!-- Generated by org.testng.reporters.JUnitReportReporter -->
<testsuite hostname="DESKTOP-S0K2S0N" failures="0" tests="10" name="testngprogramms.Multiplelogin" time="13.992" errors="0" timestamp="2025-12-03T13:07:36 IST" skipped="0">
  <testcase classname="testngprogramms.Multiplelogin" name="logintest" time="1.284"/>
  <testcase classname="testngprogramms.Multiplelogin" name="logintest" time="2.157"/>
  <testcase classname="testngprogramms.Multiplelogin" name="logintest" time="1.358"/>
  <testcase classname="testngprogramms.Multiplelogin" name="logintest" time="1.307"/>
  <testcase classname="testngprogramms.Multiplelogin" name="logintest" time="1.335"/>
  <testcase classname="testngprogramms.Multiplelogin" name="logintest" time="1.339"/>
  <testcase classname="testngprogramms.Multiplelogin" name="logintest" time="1.264"/>
  <testcase classname="testngprogramms.Multiplelogin" name="logintest" time="1.340"/>
  <testcase classname="testngprogramms.Multiplelogin" name="logintest" time="1.329"/>
  <testcase classname="testngprogramms.Multiplelogin" name="logintest" time="1.279"/>
</testsuite> <!-- testngprogramms.Multiplelogin -->
