<?xml version="1.0" encoding="UTF-8"?>
<!-- Generated by org.testng.reporters.JUnitReportReporter -->
<testsuite hostname="DESKTOP-S0K2S0N" failures="0" tests="2" name="testngprogramms.testinganotations" time="0.010" errors="0" timestamp="2025-11-20T15:09:31 IST" skipped="0">
  <testcase classname="testngprogramms.testinganotations" name="test1" time="0.008"/>
  <testcase classname="testngprogramms.testinganotations" name="test2" time="0.002"/>
</testsuite> <!-- testngprogramms.testinganotations -->
