<?xml version="1.0" encoding="UTF-8"?>
<!-- Generated by org.testng.reporters.JUnitReportReporter -->
<testsuite hostname="DESKTOP-S0K2S0N" failures="0" tests="4" name="testngprogramms.assignment" time="30.483" errors="0" timestamp="2025-12-10T15:26:12 IST" skipped="0">
  <testcase classname="testngprogramms.assignment" name="hometitlecheck" time="7.234"/>
  <testcase classname="testngprogramms.assignment" name="mobiletitlecheck" time="7.325"/>
  <testcase classname="testngprogramms.assignment" name="dropdownselection" time="8.514"/>
  <testcase classname="testngprogramms.assignment" name="mobileclick" time="7.410"/>
</testsuite> <!-- testngprogramms.assignment -->
